Unity Editor version:    2021.2.7f1 (6bd9e232123f)
Branch:                  2021.2/staging
Build type:              Release
Batch mode:              YES
macOS version:           Version 11.6 (Build 20G165)
Darwin version:          20.6.0
Architecture:            arm64
Running under Rosetta:   NO
Available memory:        16384 MB
Using pre-set license
Pro License: NO

COMMAND LINE ARGUMENTS:
/Applications/Unity/Hub/Editor/2021.2.7f1/Unity.app/Contents/MacOS/Unity
-adb2
-batchMode
-noUpm
-name
AssetImportWorker0
-projectPath
/Users/markus/Documents/GitHub/3D-Base_Project
-logFile
Logs/AssetImportWorker0.log
-srvPort
50157
Successfully changed project path to: /Users/markus/Documents/GitHub/3D-Base_Project
/Users/markus/Documents/GitHub/3D-Base_Project
[UnityMemory] Configuration Parameters - Can be set up in boot.config
    "memorysetup-bucket-allocator-granularity=16"
    "memorysetup-bucket-allocator-bucket-count=8"
    "memorysetup-bucket-allocator-block-size=33554432"
    "memorysetup-bucket-allocator-block-count=8"
    "memorysetup-main-allocator-block-size=16777216"
    "memorysetup-thread-allocator-block-size=16777216"
    "memorysetup-gfx-main-allocator-block-size=16777216"
    "memorysetup-gfx-thread-allocator-block-size=16777216"
    "memorysetup-cache-allocator-block-size=4194304"
    "memorysetup-typetree-allocator-block-size=2097152"
    "memorysetup-profiler-bucket-allocator-granularity=16"
    "memorysetup-profiler-bucket-allocator-bucket-count=8"
    "memorysetup-profiler-bucket-allocator-block-size=33554432"
    "memorysetup-profiler-bucket-allocator-block-count=8"
    "memorysetup-profiler-allocator-block-size=16777216"
    "memorysetup-profiler-editor-allocator-block-size=1048576"
    "memorysetup-temp-allocator-size-main=16777216"
    "memorysetup-job-temp-allocator-block-size=2097152"
    "memorysetup-job-temp-allocator-block-size-background=1048576"
    "memorysetup-job-temp-allocator-reduction-small-platforms=262144"
    "memorysetup-temp-allocator-size-background-worker=32768"
    "memorysetup-temp-allocator-size-job-worker=262144"
    "memorysetup-temp-allocator-size-preload-manager=33554432"
    "memorysetup-temp-allocator-size-nav-mesh-worker=65536"
    "memorysetup-temp-allocator-size-audio-worker=65536"
    "memorysetup-temp-allocator-size-cloud-worker=32768"
    "memorysetup-temp-allocator-size-gi-baking-worker=262144"
    "memorysetup-temp-allocator-size-gfx=262144"
Refreshing native plugins compatible for Editor in 32.27 ms, found 0 plugins.
Preloading 0 native plugins for Editor in 0.00 ms.
Initialize engine version: 2021.2.7f1 (6bd9e232123f)
[Subsystems] Discovering subsystems at path /Applications/Unity/Hub/Editor/2021.2.7f1/Unity.app/Contents/Resources/UnitySubsystems
[Subsystems] Discovering subsystems at path /Users/markus/Documents/GitHub/3D-Base_Project/Assets
GfxDevice: creating device client; threaded=0; jobified=0
 preferred device: Apple M1 (high power)
Metal devices available: 1
0: Apple M1 (high power)
Using device Apple M1 (high power)
Initializing Metal device caps: Apple M1
Initialize mono
Mono path[0] = '/Applications/Unity/Hub/Editor/2021.2.7f1/Unity.app/Contents/Managed'
Mono path[1] = '/Applications/Unity/Hub/Editor/2021.2.7f1/Unity.app/Contents/MonoBleedingEdge/lib/mono/unityjit-macos'
Mono config path = '/Applications/Unity/Hub/Editor/2021.2.7f1/Unity.app/Contents/MonoBleedingEdge/etc'
Using monoOptions --debugger-agent=transport=dt_socket,embedding=1,server=y,suspend=n,address=127.0.0.1:56082
Begin MonoManager ReloadAssembly
Registering precompiled unity dll's ...
Register platform support module: /Applications/Unity/Hub/Editor/2021.2.7f1/PlaybackEngines/WebGLSupport/UnityEditor.WebGL.Extensions.dll
Register platform support module: /Applications/Unity/Hub/Editor/2021.2.7f1/Unity.app/Contents/PlaybackEngines/MacStandaloneSupport/UnityEditor.OSXStandalone.Extensions.dll
Registered in 0.000681 seconds.
Native extension for OSXStandalone target not found
Native extension for WebGL target not found
Refreshing native plugins compatible for Editor in 34.39 ms, found 0 plugins.
Preloading 0 native plugins for Editor in 0.00 ms.
Mono: successfully reloaded assembly
- Completed reload, in  0.347 seconds
Domain Reload Profiling:
	ReloadAssembly (348ms)
		BeginReloadAssembly (30ms)
			ExecutionOrderSort (0ms)
			DisableScriptedObjects (0ms)
			BackupInstance (0ms)
			ReleaseScriptingObjects (0ms)
			CreateAndSetChildDomain (0ms)
		EndReloadAssembly (267ms)
			LoadAssemblies (29ms)
			RebuildTransferFunctionScriptingTraits (0ms)
			SetupTypeCache (73ms)
			ReleaseScriptCaches (0ms)
			RebuildScriptCaches (18ms)
			SetupLoadedEditorAssemblies (150ms)
				LogAssemblyErrors (0ms)
				InitializePlatformSupportModulesInManaged (8ms)
				SetLoadedEditorAssemblies (0ms)
				RefreshPlugins (34ms)
				BeforeProcessingInitializeOnLoad (1ms)
				ProcessInitializeOnLoadAttributes (84ms)
				ProcessInitializeOnLoadMethodAttributes (24ms)
				AfterProcessingInitializeOnLoad (0ms)
				EditorAssembliesLoaded (0ms)
			ExecutionOrderSort2 (0ms)
			AwakeInstancesAfterBackupRestoration (0ms)
Platform modules already initialized, skipping
Registering precompiled user dll's ...
Registered in 0.000435 seconds.
Begin MonoManager ReloadAssembly
Native extension for OSXStandalone target not found
Native extension for WebGL target not found
Refreshing native plugins compatible for Editor in 36.60 ms, found 0 plugins.
Preloading 0 native plugins for Editor in 0.00 ms.
Mono: successfully reloaded assembly
- Completed reload, in  1.235 seconds
Domain Reload Profiling:
	ReloadAssembly (1235ms)
		BeginReloadAssembly (63ms)
			ExecutionOrderSort (0ms)
			DisableScriptedObjects (3ms)
			BackupInstance (0ms)
			ReleaseScriptingObjects (0ms)
			CreateAndSetChildDomain (19ms)
		EndReloadAssembly (1111ms)
			LoadAssemblies (30ms)
			RebuildTransferFunctionScriptingTraits (0ms)
			SetupTypeCache (123ms)
			ReleaseScriptCaches (0ms)
			RebuildScriptCaches (32ms)
			SetupLoadedEditorAssemblies (900ms)
				LogAssemblyErrors (0ms)
				InitializePlatformSupportModulesInManaged (5ms)
				SetLoadedEditorAssemblies (0ms)
				RefreshPlugins (37ms)
				BeforeProcessingInitializeOnLoad (45ms)
				ProcessInitializeOnLoadAttributes (770ms)
				ProcessInitializeOnLoadMethodAttributes (43ms)
				AfterProcessingInitializeOnLoad (1ms)
				EditorAssembliesLoaded (0ms)
			ExecutionOrderSort2 (0ms)
			AwakeInstancesAfterBackupRestoration (2ms)
Platform modules already initialized, skipping
========================================================================
Worker process is ready to serve import requests
Launching external process: /Applications/Unity/Hub/Editor/2021.2.7f1/Unity.app/Contents/Tools/UnityShaderCompiler
Launched and connected shader compiler UnityShaderCompiler after 0.03 seconds
Refreshing native plugins compatible for Editor in 0.28 ms, found 0 plugins.
Preloading 0 native plugins for Editor in 0.00 ms.
Unloading 3083 Unused Serialized files (Serialized files now loaded: 0)
Unloading 22 unused Assets / (0.7 MB). Loaded Objects now: 3548.
Memory consumption went from 253.1 MB to 252.4 MB.
Total: 2.318458 ms (FindLiveObjects: 0.105625 ms CreateObjectMapping: 0.037458 ms MarkObjects: 1.984250 ms  DeleteObjects: 0.190334 ms)

AssetImportParameters requested are different than current active one (requested -> active):
  custom:video-decoder-ogg-theora: a1e56fd34408186e4bbccfd4996cb3dc -> 
  custom:container-muxer-webm: aa71ff27fc2769a1b78a27578f13a17b -> 
  custom:container-demuxer-webm: 4f35f7cbe854078d1ac9338744f61a02 -> 
  custom:video-encoder-webm-vp8: eb34c28f22e8b96e1ab97ce403110664 -> 
  custom:framework-osx-AVFoundation: e770b220cccbd017edd2c1fefb359320 -> 
  custom:audio-encoder-webm-vorbis: bf7c407c2cedff20999df2af8eb42d56 -> 
  custom:container-demuxer-ogg: 62fdf1f143b41e24485cea50d1cbac27 -> 
  custom:video-decoder-webm-vp8: 9c59270c3fd7afecdb556c50c9e8de78 -> 
  custom:audio-decoder-ogg-vorbis: bf7c407c2cedff20999df2af8eb42d56 -> 
========================================================================
Received Import Request.
  Time since last request: 985.593101 seconds.
  path: Assets/Settings/SampleSceneProfile.asset
  artifactKey: Guid(a6560a915ef98420e9faacc1c7438823) Importer(815301076,1909f56bfc062723c751e8b465ee728b)
Start importing Assets/Settings/SampleSceneProfile.asset using Guid(a6560a915ef98420e9faacc1c7438823) Importer(815301076,1909f56bfc062723c751e8b465ee728b)  -> (artifact id: 'e5bd75c520ef9547e08014ff43c91054') in 0.564059 seconds 
========================================================================
Received Import Request.
  Time since last request: 0.000045 seconds.
  path: Assets/Settings/URP-Performant.asset
  artifactKey: Guid(d0e2fc18fe036412f8223b3b3d9ad574) Importer(815301076,1909f56bfc062723c751e8b465ee728b)
Start importing Assets/Settings/URP-Performant.asset using Guid(d0e2fc18fe036412f8223b3b3d9ad574) Importer(815301076,1909f56bfc062723c751e8b465ee728b)  -> (artifact id: '487870a79fa3f7c27236b295a642ea4f') in 0.002243 seconds 
========================================================================
Received Import Request.
  Time since last request: 0.000049 seconds.
  path: Assets/Settings/URP-Balanced.asset
  artifactKey: Guid(e1260c1148f6143b28bae5ace5e9c5d1) Importer(815301076,1909f56bfc062723c751e8b465ee728b)
Start importing Assets/Settings/URP-Balanced.asset using Guid(e1260c1148f6143b28bae5ace5e9c5d1) Importer(815301076,1909f56bfc062723c751e8b465ee728b)  -> (artifact id: '6047c07203615f35ba524aebf06ab1ff') in 0.001570 seconds 
========================================================================
Received Import Request.
  Time since last request: 1.260453 seconds.
  path: Assets/Renderer/UniversalRenderPipelineGlobalSettings.asset
  artifactKey: Guid(d6b7cd53c6fe67f4780957e06661e904) Importer(815301076,1909f56bfc062723c751e8b465ee728b)
Start importing Assets/Renderer/UniversalRenderPipelineGlobalSettings.asset using Guid(d6b7cd53c6fe67f4780957e06661e904) Importer(815301076,1909f56bfc062723c751e8b465ee728b)  -> (artifact id: '51a5c85d5e32035227cb70b523039a82') in 0.006859 seconds 
========================================================================
Received Import Request.
  Time since last request: 2.523438 seconds.
  path: Assets/Scenes/GameScene.unity
  artifactKey: Guid(8c9cfa26abfee488c85f1582747f6a02) Importer(815301076,1909f56bfc062723c751e8b465ee728b)
Start importing Assets/Scenes/GameScene.unity using Guid(8c9cfa26abfee488c85f1582747f6a02) Importer(815301076,1909f56bfc062723c751e8b465ee728b)  -> (artifact id: '5e54fae4dfad99751e30d7f42fe70f89') in 0.001391 seconds 
========================================================================
Received Import Request.
  Time since last request: 0.802264 seconds.
  path: Assets/Scenes/MainMenu.unity
  artifactKey: Guid(53f4ea7913b53f24cb440bc665d0bc27) Importer(815301076,1909f56bfc062723c751e8b465ee728b)
Start importing Assets/Scenes/MainMenu.unity using Guid(53f4ea7913b53f24cb440bc665d0bc27) Importer(815301076,1909f56bfc062723c751e8b465ee728b)  -> (artifact id: 'b0ff0c8bb5f403840d9ab575eac8c891') in 0.001520 seconds 
========================================================================
Received Import Request.
  Time since last request: 0.751237 seconds.
  path: Assets/Scenes/PauseMenu.unity
  artifactKey: Guid(ea3954e38ae09364b85a7d33883a69e3) Importer(815301076,1909f56bfc062723c751e8b465ee728b)
Start importing Assets/Scenes/PauseMenu.unity using Guid(ea3954e38ae09364b85a7d33883a69e3) Importer(815301076,1909f56bfc062723c751e8b465ee728b)  -> (artifact id: '2754352840c2c73be34ca518c7092dc9') in 0.001497 seconds 
========================================================================
Received Import Request.
  Time since last request: 58.622400 seconds.
  path: Assets/Scenes/Menu.unity
  artifactKey: Guid(ea9fb49476f49474eb8163ffcad4101f) Importer(815301076,1909f56bfc062723c751e8b465ee728b)
Start importing Assets/Scenes/Menu.unity using Guid(ea9fb49476f49474eb8163ffcad4101f) Importer(815301076,1909f56bfc062723c751e8b465ee728b)  -> (artifact id: '4c313298f4ab4747ba082ef69da5dc97') in 0.000991 seconds 
========================================================================
Received Import Request.
  Time since last request: 7.177679 seconds.
  path: Assets/Scenes/MainMenu.unity
  artifactKey: Guid(ea9fb49476f49474eb8163ffcad4101f) Importer(815301076,1909f56bfc062723c751e8b465ee728b)
Start importing Assets/Scenes/MainMenu.unity using Guid(ea9fb49476f49474eb8163ffcad4101f) Importer(815301076,1909f56bfc062723c751e8b465ee728b)  -> (artifact id: '3047c36ac9837ce15c568ac5f6224124') in 0.000900 seconds 
========================================================================
Received Import Request.
  Time since last request: 14.218820 seconds.
  path: Assets/Scenes/EndScreen.unity
  artifactKey: Guid(e84ecd325e5ab4449b04a2e2ed666a4b) Importer(815301076,1909f56bfc062723c751e8b465ee728b)
Start importing Assets/Scenes/EndScreen.unity using Guid(e84ecd325e5ab4449b04a2e2ed666a4b) Importer(815301076,1909f56bfc062723c751e8b465ee728b)  -> (artifact id: '1ba0306e2664dedbe3b992360fce8560') in 0.000977 seconds 
========================================================================
Received Import Request.
  Time since last request: 14.579380 seconds.
  path: Assets/Scenes/PauseMenu.unity
  artifactKey: Guid(e84ecd325e5ab4449b04a2e2ed666a4b) Importer(815301076,1909f56bfc062723c751e8b465ee728b)
Start importing Assets/Scenes/PauseMenu.unity using Guid(e84ecd325e5ab4449b04a2e2ed666a4b) Importer(815301076,1909f56bfc062723c751e8b465ee728b)  -> (artifact id: '43a51539760c55d5c763661c78c056d4') in 0.001006 seconds 
========================================================================
Received Import Request.
  Time since last request: 1.225641 seconds.
  path: Assets/Scenes/SampleScene.unity
  artifactKey: Guid(99c9720ab356a0642a771bea13969a05) Importer(815301076,1909f56bfc062723c751e8b465ee728b)
Start importing Assets/Scenes/SampleScene.unity using Guid(99c9720ab356a0642a771bea13969a05) Importer(815301076,1909f56bfc062723c751e8b465ee728b)  -> (artifact id: '32c8cb4ede02ec7a527b8db03c84fe82') in 0.001387 seconds 
========================================================================
Received Import Request.
  Time since last request: 3.276753 seconds.
  path: Assets/Scenes/GameScene.unity
  artifactKey: Guid(99c9720ab356a0642a771bea13969a05) Importer(815301076,1909f56bfc062723c751e8b465ee728b)
Start importing Assets/Scenes/GameScene.unity using Guid(99c9720ab356a0642a771bea13969a05) Importer(815301076,1909f56bfc062723c751e8b465ee728b)  -> (artifact id: '57c0be494feb970e060479ee7c5be61e') in 0.000912 seconds 
========================================================================
Received Import Request.
  Time since last request: 304.617329 seconds.
  path: Assets/Scenes/MainMenu.unity
  artifactKey: Guid(ea9fb49476f49474eb8163ffcad4101f) Importer(815301076,1909f56bfc062723c751e8b465ee728b)
Start importing Assets/Scenes/MainMenu.unity using Guid(ea9fb49476f49474eb8163ffcad4101f) Importer(815301076,1909f56bfc062723c751e8b465ee728b)  -> (artifact id: '5edd5aff584528eee278df5ffc1f1748') in 0.001820 seconds 
========================================================================
Received Import Request.
  Time since last request: 24.852956 seconds.
  path: Assets/Scenes/GameScene.unity
  artifactKey: Guid(99c9720ab356a0642a771bea13969a05) Importer(815301076,1909f56bfc062723c751e8b465ee728b)
Start importing Assets/Scenes/GameScene.unity using Guid(99c9720ab356a0642a771bea13969a05) Importer(815301076,1909f56bfc062723c751e8b465ee728b)  -> (artifact id: 'a6fa144da79f0398ec9fd7e0283d896c') in 0.001553 seconds 
========================================================================
Received Import Request.
  Time since last request: 0.340028 seconds.
  path: Assets/Scenes/GameScene 1.unity
  artifactKey: Guid(841df959bfdc247dfa12919fae31f97e) Importer(815301076,1909f56bfc062723c751e8b465ee728b)
Start importing Assets/Scenes/GameScene 1.unity using Guid(841df959bfdc247dfa12919fae31f97e) Importer(815301076,1909f56bfc062723c751e8b465ee728b)  -> (artifact id: 'dc9882e448ec966513d02de94b7b8ad7') in 0.000993 seconds 
========================================================================
Received Import Request.
  Time since last request: 5.749915 seconds.
  path: Assets/Scenes/MainMenu.unity
  artifactKey: Guid(841df959bfdc247dfa12919fae31f97e) Importer(815301076,1909f56bfc062723c751e8b465ee728b)
Start importing Assets/Scenes/MainMenu.unity using Guid(841df959bfdc247dfa12919fae31f97e) Importer(815301076,1909f56bfc062723c751e8b465ee728b)  -> (artifact id: 'bb2a5f6d11875c341c6d55a48e4bdc57') in 0.001023 seconds 
========================================================================
Received Import Request.
  Time since last request: 1.707460 seconds.
  path: Assets/Scenes/MainMenu 1.unity
  artifactKey: Guid(e7e49095aef9d41b6ad959b97966e3b5) Importer(815301076,1909f56bfc062723c751e8b465ee728b)
Start importing Assets/Scenes/MainMenu 1.unity using Guid(e7e49095aef9d41b6ad959b97966e3b5) Importer(815301076,1909f56bfc062723c751e8b465ee728b)  -> (artifact id: 'dad1de8892234406bde466eda34322c2') in 0.001006 seconds 
========================================================================
Received Import Request.
  Time since last request: 6.315003 seconds.
  path: Assets/Scenes/PauseMenu.unity
  artifactKey: Guid(e7e49095aef9d41b6ad959b97966e3b5) Importer(815301076,1909f56bfc062723c751e8b465ee728b)
Start importing Assets/Scenes/PauseMenu.unity using Guid(e7e49095aef9d41b6ad959b97966e3b5) Importer(815301076,1909f56bfc062723c751e8b465ee728b)  -> (artifact id: '304bd89f15288b4745621fe131596947') in 0.001027 seconds 
========================================================================
Received Import Request.
  Time since last request: 46.438484 seconds.
  path: Assets/Prefabs/Debug.Tester.prefab
  artifactKey: Guid(d2dc56a42af7d8d469ae51d58b5b2b7f) Importer(815301076,1909f56bfc062723c751e8b465ee728b)
Start importing Assets/Prefabs/Debug.Tester.prefab using Guid(d2dc56a42af7d8d469ae51d58b5b2b7f) Importer(815301076,1909f56bfc062723c751e8b465ee728b)  -> (artifact id: 'c090773cdd32f716cdd3bd56421dc96b') in 0.180166 seconds 
========================================================================
Received Import Request.
  Time since last request: 11.199532 seconds.
  path: Assets/Prefabs/Debug.Tester.prefab
  artifactKey: Guid(d2dc56a42af7d8d469ae51d58b5b2b7f) Importer(815301076,1909f56bfc062723c751e8b465ee728b)
Start importing Assets/Prefabs/Debug.Tester.prefab using Guid(d2dc56a42af7d8d469ae51d58b5b2b7f) Importer(815301076,1909f56bfc062723c751e8b465ee728b)  -> (artifact id: 'c090773cdd32f716cdd3bd56421dc96b') in 0.001617 seconds 
========================================================================
Received Import Request.
  Time since last request: 11.140189 seconds.
  path: Assets/Prefabs/Debug.Tester.prefab
  artifactKey: Guid(d2dc56a42af7d8d469ae51d58b5b2b7f) Importer(815301076,1909f56bfc062723c751e8b465ee728b)
Start importing Assets/Prefabs/Debug.Tester.prefab using Guid(d2dc56a42af7d8d469ae51d58b5b2b7f) Importer(815301076,1909f56bfc062723c751e8b465ee728b)  -> (artifact id: 'c090773cdd32f716cdd3bd56421dc96b') in 0.000660 seconds 
========================================================================
Received Import Request.
  Time since last request: 35.278837 seconds.
  path: Assets/Prefabs/Debug.Tester.prefab
  artifactKey: Guid(d2dc56a42af7d8d469ae51d58b5b2b7f) Importer(815301076,1909f56bfc062723c751e8b465ee728b)
Start importing Assets/Prefabs/Debug.Tester.prefab using Guid(d2dc56a42af7d8d469ae51d58b5b2b7f) Importer(815301076,1909f56bfc062723c751e8b465ee728b)  -> (artifact id: 'c090773cdd32f716cdd3bd56421dc96b') in 0.000744 seconds 
========================================================================
Received Prepare
Registering precompiled user dll's ...
Registered in 0.000642 seconds.
Begin MonoManager ReloadAssembly
Thread 0x294a47000 may have been prematurely finalized
Native extension for OSXStandalone target not found
Native extension for WebGL target not found
Refreshing native plugins compatible for Editor in 0.34 ms, found 0 plugins.
Preloading 0 native plugins for Editor in 0.00 ms.
Mono: successfully reloaded assembly
- Completed reload, in  0.615 seconds
Domain Reload Profiling:
	ReloadAssembly (615ms)
		BeginReloadAssembly (78ms)
			ExecutionOrderSort (0ms)
			DisableScriptedObjects (3ms)
			BackupInstance (0ms)
			ReleaseScriptingObjects (0ms)
			CreateAndSetChildDomain (31ms)
		EndReloadAssembly (476ms)
			LoadAssemblies (29ms)
			RebuildTransferFunctionScriptingTraits (0ms)
			SetupTypeCache (128ms)
			ReleaseScriptCaches (1ms)
			RebuildScriptCaches (26ms)
			SetupLoadedEditorAssemblies (254ms)
				LogAssemblyErrors (0ms)
				InitializePlatformSupportModulesInManaged (6ms)
				SetLoadedEditorAssemblies (0ms)
				RefreshPlugins (0ms)
				BeforeProcessingInitializeOnLoad (35ms)
				ProcessInitializeOnLoadAttributes (173ms)
				ProcessInitializeOnLoadMethodAttributes (39ms)
				AfterProcessingInitializeOnLoad (1ms)
				EditorAssembliesLoaded (0ms)
			ExecutionOrderSort2 (0ms)
			AwakeInstancesAfterBackupRestoration (7ms)
Platform modules already initialized, skipping
Refreshing native plugins compatible for Editor in 0.29 ms, found 0 plugins.
Preloading 0 native plugins for Editor in 0.00 ms.
Unloading 2966 Unused Serialized files (Serialized files now loaded: 0)
Unloading 15 unused Assets / (0.7 MB). Loaded Objects now: 3554.
Memory consumption went from 258.9 MB to 258.2 MB.
Total: 2.314875 ms (FindLiveObjects: 0.129541 ms CreateObjectMapping: 0.042292 ms MarkObjects: 1.968917 ms  DeleteObjects: 0.173708 ms)

AssetImportParameters requested are different than current active one (requested -> active):
  custom:video-decoder-ogg-theora: a1e56fd34408186e4bbccfd4996cb3dc -> 
  custom:container-muxer-webm: aa71ff27fc2769a1b78a27578f13a17b -> 
  custom:container-demuxer-webm: 4f35f7cbe854078d1ac9338744f61a02 -> 
  custom:video-encoder-webm-vp8: eb34c28f22e8b96e1ab97ce403110664 -> 
  custom:framework-osx-AVFoundation: e770b220cccbd017edd2c1fefb359320 -> 
  custom:audio-encoder-webm-vorbis: bf7c407c2cedff20999df2af8eb42d56 -> 
  custom:container-demuxer-ogg: 62fdf1f143b41e24485cea50d1cbac27 -> 
  custom:video-decoder-webm-vp8: 9c59270c3fd7afecdb556c50c9e8de78 -> 
  custom:audio-decoder-ogg-vorbis: bf7c407c2cedff20999df2af8eb42d56 -> 
========================================================================
Received Import Request.
  Time since last request: 214.713295 seconds.
  path: Assets/Prefabs/Debug.Tester.prefab
  artifactKey: Guid(d2dc56a42af7d8d469ae51d58b5b2b7f) Importer(815301076,1909f56bfc062723c751e8b465ee728b)
Start importing Assets/Prefabs/Debug.Tester.prefab using Guid(d2dc56a42af7d8d469ae51d58b5b2b7f) Importer(815301076,1909f56bfc062723c751e8b465ee728b)  -> (artifact id: 'da72043b4ae3589e965486523e7ac01b') in 0.013759 seconds 
========================================================================
Received Prepare
Registering precompiled user dll's ...
Registered in 0.000512 seconds.
Begin MonoManager ReloadAssembly
Thread 0x16f8f7000 may have been prematurely finalized
Native extension for OSXStandalone target not found
Native extension for WebGL target not found
Refreshing native plugins compatible for Editor in 0.29 ms, found 0 plugins.
Preloading 0 native plugins for Editor in 0.00 ms.
Mono: successfully reloaded assembly
- Completed reload, in  0.601 seconds
Domain Reload Profiling:
	ReloadAssembly (602ms)
		BeginReloadAssembly (77ms)
			ExecutionOrderSort (0ms)
			DisableScriptedObjects (3ms)
			BackupInstance (0ms)
			ReleaseScriptingObjects (0ms)
			CreateAndSetChildDomain (30ms)
		EndReloadAssembly (464ms)
			LoadAssemblies (30ms)
			RebuildTransferFunctionScriptingTraits (0ms)
			SetupTypeCache (130ms)
			ReleaseScriptCaches (1ms)
			RebuildScriptCaches (26ms)
			SetupLoadedEditorAssemblies (241ms)
				LogAssemblyErrors (0ms)
				InitializePlatformSupportModulesInManaged (5ms)
				SetLoadedEditorAssemblies (0ms)
				RefreshPlugins (0ms)
				BeforeProcessingInitializeOnLoad (35ms)
				ProcessInitializeOnLoadAttributes (160ms)
				ProcessInitializeOnLoadMethodAttributes (39ms)
				AfterProcessingInitializeOnLoad (1ms)
				EditorAssembliesLoaded (0ms)
			ExecutionOrderSort2 (0ms)
			AwakeInstancesAfterBackupRestoration (7ms)
Platform modules already initialized, skipping
Refreshing native plugins compatible for Editor in 0.28 ms, found 0 plugins.
Preloading 0 native plugins for Editor in 0.00 ms.
Unloading 2965 Unused Serialized files (Serialized files now loaded: 0)
Unloading 15 unused Assets / (0.7 MB). Loaded Objects now: 3556.
Memory consumption went from 259.0 MB to 258.2 MB.
Total: 2.438250 ms (FindLiveObjects: 0.116708 ms CreateObjectMapping: 0.038000 ms MarkObjects: 2.080333 ms  DeleteObjects: 0.202500 ms)

AssetImportParameters requested are different than current active one (requested -> active):
  custom:video-decoder-ogg-theora: a1e56fd34408186e4bbccfd4996cb3dc -> 
  custom:container-muxer-webm: aa71ff27fc2769a1b78a27578f13a17b -> 
  custom:container-demuxer-webm: 4f35f7cbe854078d1ac9338744f61a02 -> 
  custom:video-encoder-webm-vp8: eb34c28f22e8b96e1ab97ce403110664 -> 
  custom:framework-osx-AVFoundation: e770b220cccbd017edd2c1fefb359320 -> 
  custom:audio-encoder-webm-vorbis: bf7c407c2cedff20999df2af8eb42d56 -> 
  custom:container-demuxer-ogg: 62fdf1f143b41e24485cea50d1cbac27 -> 
  custom:video-decoder-webm-vp8: 9c59270c3fd7afecdb556c50c9e8de78 -> 
  custom:audio-decoder-ogg-vorbis: bf7c407c2cedff20999df2af8eb42d56 -> 
========================================================================
Received Import Request.
  Time since last request: 16.998495 seconds.
  path: Assets/Editor Default Resources/Febucci/HierarchyData.asset
  artifactKey: Guid(ca72b73c4cc974ae49522db6fb62c9f0) Importer(815301076,1909f56bfc062723c751e8b465ee728b)
Start importing Assets/Editor Default Resources/Febucci/HierarchyData.asset using Guid(ca72b73c4cc974ae49522db6fb62c9f0) Importer(815301076,1909f56bfc062723c751e8b465ee728b)  -> (artifact id: '5dedd9352b88d30cfb76023659cba12a') in 0.010227 seconds 
========================================================================
Received Import Request.
  Time since last request: 48.189941 seconds.
  path: Assets/Scenes/PauseMenu.unity
  artifactKey: Guid(e7e49095aef9d41b6ad959b97966e3b5) Importer(815301076,1909f56bfc062723c751e8b465ee728b)
Start importing Assets/Scenes/PauseMenu.unity using Guid(e7e49095aef9d41b6ad959b97966e3b5) Importer(815301076,1909f56bfc062723c751e8b465ee728b)  -> (artifact id: 'c1a5739c2572a5d32c3d88c893465cf2') in 0.001533 seconds 
========================================================================
Received Import Request.
  Time since last request: 0.905237 seconds.
  path: Assets/Scenes/MainMenu.unity
  artifactKey: Guid(841df959bfdc247dfa12919fae31f97e) Importer(815301076,1909f56bfc062723c751e8b465ee728b)
Start importing Assets/Scenes/MainMenu.unity using Guid(841df959bfdc247dfa12919fae31f97e) Importer(815301076,1909f56bfc062723c751e8b465ee728b)  -> (artifact id: '0891e7e961e0f7c01d965ac064100d75') in 0.001598 seconds 
========================================================================
Received Import Request.
  Time since last request: 0.611150 seconds.
  path: Assets/Scenes/GameScene.unity
  artifactKey: Guid(99c9720ab356a0642a771bea13969a05) Importer(815301076,1909f56bfc062723c751e8b465ee728b)
Start importing Assets/Scenes/GameScene.unity using Guid(99c9720ab356a0642a771bea13969a05) Importer(815301076,1909f56bfc062723c751e8b465ee728b)  -> (artifact id: 'f42441560ec3b3b18fabd3cd629ab2d5') in 0.001710 seconds 
========================================================================
Received Import Request.
  Time since last request: 13.076234 seconds.
  path: Assets/Settings/SampleSceneProfile.asset
  artifactKey: Guid(a6560a915ef98420e9faacc1c7438823) Importer(815301076,1909f56bfc062723c751e8b465ee728b)
Start importing Assets/Settings/SampleSceneProfile.asset using Guid(a6560a915ef98420e9faacc1c7438823) Importer(815301076,1909f56bfc062723c751e8b465ee728b)  -> (artifact id: 'b9e11e1147da621c70fcc606abfcf8de') in 0.011438 seconds 
========================================================================
Received Import Request.
  Time since last request: 38.139613 seconds.
  path: Assets/Settings/URP-HighFidelity.asset
  artifactKey: Guid(7b7fd9122c28c4d15b667c7040e3b3fd) Importer(815301076,1909f56bfc062723c751e8b465ee728b)
Start importing Assets/Settings/URP-HighFidelity.asset using Guid(7b7fd9122c28c4d15b667c7040e3b3fd) Importer(815301076,1909f56bfc062723c751e8b465ee728b)  -> (artifact id: '35057b3693bae3c9b8c97a08ed79ecd3') in 0.001331 seconds 
========================================================================
Received Import Request.
  Time since last request: 2.447076 seconds.
  path: Assets/Input/InputActions.inputactions
  artifactKey: Guid(8c7fd2a0b9669794e898943dedbbe455) Importer(815301076,1909f56bfc062723c751e8b465ee728b)
Start importing Assets/Input/InputActions.inputactions using Guid(8c7fd2a0b9669794e898943dedbbe455) Importer(815301076,1909f56bfc062723c751e8b465ee728b)  -> (artifact id: '3dfccbcf4ebb7fedce0393bdca93ffe8') in 0.090141 seconds 
========================================================================
Received Import Request.
  Time since last request: 0.730147 seconds.
  path: Assets/Input/InputActions.cs
  artifactKey: Guid(59c3a0326ae98e6478ad98fd66f828a6) Importer(815301076,1909f56bfc062723c751e8b465ee728b)
Start importing Assets/Input/InputActions.cs using Guid(59c3a0326ae98e6478ad98fd66f828a6) Importer(815301076,1909f56bfc062723c751e8b465ee728b)  -> (artifact id: 'bc8464e7ab93d1ac6c1f9af2d0148289') in 0.117565 seconds 
========================================================================
Received Import Request.
  Time since last request: 10.298380 seconds.
  path: Assets/Aesthetics/Tilemaps
  artifactKey: Guid(03186fdf996b4ef438ebee2e9a74c2b5) Importer(815301076,1909f56bfc062723c751e8b465ee728b)
Start importing Assets/Aesthetics/Tilemaps using Guid(03186fdf996b4ef438ebee2e9a74c2b5) Importer(815301076,1909f56bfc062723c751e8b465ee728b)  -> (artifact id: 'f1e772b4c39530af6fc4a87282c7a23b') in 0.001385 seconds 
========================================================================
Received Import Request.
  Time since last request: 8.677455 seconds.
  path: Assets/Aesthetics/Models
  artifactKey: Guid(3178f8ba8bbe24e71ac0282fe7005612) Importer(815301076,1909f56bfc062723c751e8b465ee728b)
Start importing Assets/Aesthetics/Models using Guid(3178f8ba8bbe24e71ac0282fe7005612) Importer(815301076,1909f56bfc062723c751e8b465ee728b)  -> (artifact id: 'f44567ca3ab75862c04c3ce1b4e42ddc') in 0.000725 seconds 
========================================================================
Received Import Request.
  Time since last request: 5.275701 seconds.
  path: Assets/Aesthetics/Terrain
  artifactKey: Guid(2009fbc941f5c4a789ddec4fc385e242) Importer(815301076,1909f56bfc062723c751e8b465ee728b)
Start importing Assets/Aesthetics/Terrain using Guid(2009fbc941f5c4a789ddec4fc385e242) Importer(815301076,1909f56bfc062723c751e8b465ee728b)  -> (artifact id: 'fc40ee7f07d0177bac8ee49ca96fe1f8') in 0.000776 seconds 
========================================================================
Received Import Request.
  Time since last request: 95.152160 seconds.
  path: Assets/TutorialInfo/Scripts
  artifactKey: Guid(5a9bcd70e6a4b4b05badaa72e827d8e0) Importer(815301076,1909f56bfc062723c751e8b465ee728b)
Start importing Assets/TutorialInfo/Scripts using Guid(5a9bcd70e6a4b4b05badaa72e827d8e0) Importer(815301076,1909f56bfc062723c751e8b465ee728b)  -> (artifact id: 'bd40405b1c33fc38c3cf389a51b62526') in 0.001058 seconds 
========================================================================
Received Import Request.
  Time since last request: 4.862584 seconds.
  path: Assets/TutorialInfo/Scripts/Editor/ReadmeEditor.cs
  artifactKey: Guid(476cc7d7cd9874016adc216baab94a0a) Importer(815301076,1909f56bfc062723c751e8b465ee728b)
Start importing Assets/TutorialInfo/Scripts/Editor/ReadmeEditor.cs using Guid(476cc7d7cd9874016adc216baab94a0a) Importer(815301076,1909f56bfc062723c751e8b465ee728b)  -> (artifact id: '8313776393af683ed88c06e0d9ed48d3') in 0.001432 seconds 
========================================================================
Received Prepare
Registering precompiled user dll's ...
Registered in 0.000649 seconds.
Begin MonoManager ReloadAssembly
Thread 0x16f8f7000 may have been prematurely finalized
Native extension for OSXStandalone target not found
Native extension for WebGL target not found
Refreshing native plugins compatible for Editor in 0.27 ms, found 0 plugins.
Preloading 0 native plugins for Editor in 0.00 ms.
Mono: successfully reloaded assembly
- Completed reload, in  0.605 seconds
Domain Reload Profiling:
	ReloadAssembly (606ms)
		BeginReloadAssembly (79ms)
			ExecutionOrderSort (0ms)
			DisableScriptedObjects (3ms)
			BackupInstance (0ms)
			ReleaseScriptingObjects (0ms)
			CreateAndSetChildDomain (31ms)
		EndReloadAssembly (466ms)
			LoadAssemblies (31ms)
			RebuildTransferFunctionScriptingTraits (0ms)
			SetupTypeCache (131ms)
			ReleaseScriptCaches (1ms)
			RebuildScriptCaches (26ms)
			SetupLoadedEditorAssemblies (241ms)
				LogAssemblyErrors (0ms)
				InitializePlatformSupportModulesInManaged (5ms)
				SetLoadedEditorAssemblies (0ms)
				RefreshPlugins (0ms)
				BeforeProcessingInitializeOnLoad (35ms)
				ProcessInitializeOnLoadAttributes (160ms)
				ProcessInitializeOnLoadMethodAttributes (39ms)
				AfterProcessingInitializeOnLoad (1ms)
				EditorAssembliesLoaded (0ms)
			ExecutionOrderSort2 (0ms)
			AwakeInstancesAfterBackupRestoration (7ms)
Platform modules already initialized, skipping
Refreshing native plugins compatible for Editor in 0.25 ms, found 0 plugins.
Preloading 0 native plugins for Editor in 0.00 ms.
Unloading 2965 Unused Serialized files (Serialized files now loaded: 0)
Unloading 17 unused Assets / (0.7 MB). Loaded Objects now: 3558.
Memory consumption went from 267.7 MB to 267.0 MB.
Total: 2.507833 ms (FindLiveObjects: 0.102625 ms CreateObjectMapping: 0.038250 ms MarkObjects: 2.050750 ms  DeleteObjects: 0.315541 ms)

AssetImportParameters requested are different than current active one (requested -> active):
  custom:video-decoder-ogg-theora: a1e56fd34408186e4bbccfd4996cb3dc -> 
  custom:container-muxer-webm: aa71ff27fc2769a1b78a27578f13a17b -> 
  custom:container-demuxer-webm: 4f35f7cbe854078d1ac9338744f61a02 -> 
  custom:video-encoder-webm-vp8: eb34c28f22e8b96e1ab97ce403110664 -> 
  custom:framework-osx-AVFoundation: e770b220cccbd017edd2c1fefb359320 -> 
  custom:audio-encoder-webm-vorbis: bf7c407c2cedff20999df2af8eb42d56 -> 
  custom:container-demuxer-ogg: 62fdf1f143b41e24485cea50d1cbac27 -> 
  custom:video-decoder-webm-vp8: 9c59270c3fd7afecdb556c50c9e8de78 -> 
  custom:audio-decoder-ogg-vorbis: bf7c407c2cedff20999df2af8eb42d56 -> 
